<?xml version="1.0" encoding="UTF-8"?>
<testng-results skipped="0" failed="0" ignored="0" total="1" passed="1">
  <reporter-output>
  </reporter-output>
  <suite name="Default suite" duration-ms="11513" started-at="2020-04-02T20:53:01Z" finished-at="2020-04-02T20:53:13Z">
    <groups>
    </groups>
    <test name="Default test" duration-ms="11513" started-at="2020-04-02T20:53:01Z" finished-at="2020-04-02T20:53:13Z">
      <class name="HomePageTest.HomePageTest">
        <test-method status="PASS" signature="setup()[pri:0, instance:HomePageTest.HomePageTest@5419f379]" name="setup" is-config="true" duration-ms="10625" started-at="2020-04-02T20:53:01Z" finished-at="2020-04-02T20:53:12Z">
          <reporter-output>
          </reporter-output>
        </test-method> <!-- setup -->
        <test-method status="PASS" signature="testHomePage()[pri:0, instance:HomePageTest.HomePageTest@5419f379]" name="testHomePage" duration-ms="760" started-at="2020-04-02T20:53:12Z" finished-at="2020-04-02T20:53:12Z">
          <reporter-output>
          </reporter-output>
        </test-method> <!-- testHomePage -->
        <test-method status="PASS" signature="afterClass()[pri:0, instance:HomePageTest.HomePageTest@5419f379]" name="afterClass" is-config="true" duration-ms="105" started-at="2020-04-02T20:53:12Z" finished-at="2020-04-02T20:53:13Z">
          <reporter-output>
          </reporter-output>
        </test-method> <!-- afterClass -->
      </class> <!-- HomePageTest.HomePageTest -->
    </test> <!-- Default test -->
  </suite> <!-- Default suite -->
</testng-results>
